#
# There is insufficient memory for the Java Runtime Environment to continue.
# Native memory allocation (malloc) failed to allocate 1048576 bytes for AllocateHeap
# Possible reasons:
#   The system is out of physical RAM or swap space
#   In 32 bit mode, the process size limit was hit
# Possible solutions:
#   Reduce memory load on the system
#   Increase physical memory or swap space
#   Check if swap backing store is full
#   Use 64 bit Java on a 64 bit OS
#   Decrease Java heap size (-Xmx/-Xms)
#   Decrease number of Java threads
#   Decrease Java thread stack sizes (-Xss)
#   Set larger code cache with -XX:ReservedCodeCacheSize=
# This output file may be truncated or incomplete.
#
#  Out of Memory Error (memory/allocation.inline.hpp:61), pid=2660, tid=0x0000000000003778
#
# JRE version:  (8.0_152-b16) (build )
# Java VM: Java HotSpot(TM) 64-Bit Server VM (25.152-b16 mixed mode windows-amd64 compressed oops)
# Failed to write core dump. Minidumps are not enabled by default on client versions of Windows
#

---------------  T H R E A D  ---------------

Current thread (0x0000000002983800):  JavaThread "Unknown thread" [_thread_in_vm, id=14200, stack(0x0000000002880000,0x0000000002980000)]

Stack: [0x0000000002880000,0x0000000002980000]
[error occurred during error reporting (printing stack bounds), id 0xc0000005]

Native frames: (J=compiled Java code, j=interpreted, Vv=VM code, C=native code)


---------------  P R O C E S S  ---------------

Java Threads: ( => current thread )

Other Threads:

=>0x0000000002983800 (exited) JavaThread "Unknown thread" [_thread_in_vm, id=14200, stack(0x0000000002880000,0x0000000002980000)]

VM state:not at safepoint (normal execution)

VM Mutex/Monitor currently owned by a thread: None

Heap:
 PSYoungGen      total 37888K, used 655K [0x00000000d6300000, 0x00000000d8d00000, 0x0000000100000000)
  eden space 32768K, 2% used [0x00000000d6300000,0x00000000d63a3d80,0x00000000d8300000)
  from space 5120K, 0% used [0x00000000d8800000,0x00000000d8800000,0x00000000d8d00000)
  to   space 5120K, 0% used [0x00000000d8300000,0x00000000d8300000,0x00000000d8800000)
 ParOldGen       total 86016K, used 0K [0x0000000082800000, 0x0000000087c00000, 0x00000000d6300000)
  object space 86016K, 0% used [0x0000000082800000,0x0000000082800000,0x0000000087c00000)
 Metaspace       used 752K, capacity 1092K, committed 1152K, reserved 1060864K
  class space    used 75K, capacity 384K, committed 384K, reserved 1048576K

Card table byte_map: [0x0000000011e40000,0x0000000012230000] byte_map_base: 0x0000000011a2c000

Marking Bits: (ParMarkBitMap*) 0x0000000068900860
 Begin Bits: [0x0000000012ed0000, 0x0000000014e30000)
 End Bits:   [0x0000000014e30000, 0x0000000016d90000)

Polling page: 0x0000000000f70000

CodeCache: size=245760Kb used=328Kb max_used=328Kb free=245431Kb
 bounds [0x0000000002a80000, 0x0000000002cf0000, 0x0000000011a80000]
 total_blobs=58 nmethods=0 adapters=38
 compilation: enabled

Compilation events (0 events):
No events

GC Heap History (0 events):
No events

Deoptimization events (0 events):
No events

Classes redefined (0 events):
No events

Internal exceptions (0 events):
No events

Events (10 events):
Event: 0.085 loading class java/lang/Short
Event: 0.086 loading class java/lang/Short done
Event: 0.086 loading class java/lang/Integer
Event: 0.086 loading class java/lang/Integer done
Event: 0.086 loading class java/lang/Long
Event: 0.086 loading class java/lang/Long done
Event: 0.087 loading class java/lang/NullPointerException
Event: 0.087 loading class java/lang/NullPointerException done
Event: 0.087 loading class java/lang/ArithmeticException
Event: 0.087 loading class java/lang/ArithmeticException done


Dynamic libraries:
0x00007ff711fd0000 - 0x00007ff712007000 	D:\program files\matlab2018\sys\java\jre\win64\jre\bin\java.exe
0x00007ffe34df0000 - 0x00007ffe34fdd000 	C:\WINDOWS\SYSTEM32\ntdll.dll
0x00007ffe32ba0000 - 0x00007ffe32c53000 	C:\WINDOWS\System32\KERNEL32.DLL
0x00007ffe31810000 - 0x00007ffe31aa3000 	C:\WINDOWS\System32\KERNELBASE.dll
0x00007ffe344c0000 - 0x00007ffe34563000 	C:\WINDOWS\System32\ADVAPI32.dll
0x00007ffe32b00000 - 0x00007ffe32b9e000 	C:\WINDOWS\System32\msvcrt.dll
0x00007ffe32720000 - 0x00007ffe327be000 	C:\WINDOWS\System32\sechost.dll
0x00007ffe328a0000 - 0x00007ffe329c2000 	C:\WINDOWS\System32\RPCRT4.dll
0x00007ffe341b0000 - 0x00007ffe34347000 	C:\WINDOWS\System32\USER32.dll
0x00007ffe31eb0000 - 0x00007ffe31ed0000 	C:\WINDOWS\System32\win32u.dll
0x00007ffe326c0000 - 0x00007ffe326e9000 	C:\WINDOWS\System32\GDI32.dll
0x00007ffe31670000 - 0x00007ffe3180a000 	C:\WINDOWS\System32\gdi32full.dll
0x00007ffe31ed0000 - 0x00007ffe31f70000 	C:\WINDOWS\System32\msvcp_win.dll
0x00007ffe31db0000 - 0x00007ffe31eaa000 	C:\WINDOWS\System32\ucrtbase.dll
0x00007ffe1c360000 - 0x00007ffe1c5d9000 	C:\WINDOWS\WinSxS\amd64_microsoft.windows.common-controls_6595b64144ccf1df_6.0.17763.379_none_05b83be8071c94a1\COMCTL32.dll
0x00007ffe32100000 - 0x00007ffe3242d000 	C:\WINDOWS\System32\combase.dll
0x00007ffe31d00000 - 0x00007ffe31d7e000 	C:\WINDOWS\System32\bcryptPrimitives.dll
0x00007ffe326f0000 - 0x00007ffe3271e000 	C:\WINDOWS\System32\IMM32.DLL
0x0000000068000000 - 0x00000000680d2000 	D:\program files\matlab2018\sys\java\jre\win64\jre\bin\msvcr100.dll
0x00000000680e0000 - 0x0000000068980000 	D:\program files\matlab2018\sys\java\jre\win64\jre\bin\server\jvm.dll
0x00007ffe320f0000 - 0x00007ffe320f8000 	C:\WINDOWS\System32\PSAPI.DLL
0x00007ffe2c360000 - 0x00007ffe2c36a000 	C:\WINDOWS\SYSTEM32\VERSION.dll
0x00007ffe2ecd0000 - 0x00007ffe2ecf4000 	C:\WINDOWS\SYSTEM32\WINMM.dll
0x00007ffe2e840000 - 0x00007ffe2e86d000 	C:\WINDOWS\SYSTEM32\WINMMBASE.dll
0x00007ffe12470000 - 0x00007ffe12479000 	C:\WINDOWS\SYSTEM32\WSOCK32.dll
0x00007ffe31ad0000 - 0x00007ffe31b1a000 	C:\WINDOWS\System32\cfgmgr32.dll
0x00007ffe34570000 - 0x00007ffe345dd000 	C:\WINDOWS\System32\ws2_32.DLL
0x0000000067ff0000 - 0x0000000067fff000 	D:\program files\matlab2018\sys\java\jre\win64\jre\bin\verify.dll
0x0000000067fc0000 - 0x0000000067fe9000 	D:\program files\matlab2018\sys\java\jre\win64\jre\bin\java.dll
0x0000000067fa0000 - 0x0000000067fb6000 	D:\program files\matlab2018\sys\java\jre\win64\jre\bin\zip.dll

VM Arguments:
java_command: com.mathworks.fatalexit.FatalExitFrame C:\Users\user\AppData\Local\Temp\matlab_crash_dump.8568-1 -segvURL https://udc-service.mathworks.com/udc/service/v1 -logfile Java Crash Report=C:\Users\user\AppData\Local\Temp\hs_error_pid8568.log -optIn -desktopOS Microsoft Windows 10 Pro -desktopPlatform win64 -installationId e503e49a-2722-4d5b-b2d8-711f0527efc3 -machineHash 475cb9991d4a685855afcc500c498f07 -releaseFamily R2018b -sessionKey 128dadb6-40fc-4311-b891-76546d1a6a45 -version 9.5.0.944444 (R2018b)
java_class_path (initial): D:\program files\matlab2018\java\jar/fatalexit.jar;D:\program files\matlab2018\java\jar/mlwebservices.jar;D:\program files\matlab2018\java\jar/net.jar;D:\program files\matlab2018\java\jar/webproxy.jar;D:\program files\matlab2018\java\jarext/webservices/udc_client/udc_client.jar;D:\program files\matlab2018\java\jarext/webservices/urlmanager/urlmanager.jar;D:\program files\matlab2018\java\jarext/webservices/ws_client_core/mw-service-client-core.jar;D:\program files\matlab2018\java\jarext/commons-cli.jar;D:\program files\matlab2018\java\jarext/commons-codec.jar;D:\program files\matlab2018\java\jarext/commons-io.jar;D:\program files\matlab2018\java\jarext/commons-lang.jar;D:\program files\matlab2018\java\jarext/commons-logging.jar;D:\program files\matlab2018\java\jarext/jgoodies-looks.jar;D:\program files\matlab2018\java\jarext/axis2/activation.jar;D:\program files\matlab2018\java\jarext/axis2/axiom-api.jar;D:\program files\matlab2018\java\jarext/axis2/axiom-impl.jar;D:\program files\matlab2018\java\jarext/axis2/axis2-adb.jar;D:\program files\matlab2018\java\jarext/axis2/axis2-kernel.jar;D:\program files\matlab2018\java\jarext/axis2/axis2-transport-http.jar;D:\program files\matlab2018\java\jarext/axis2/axis2-transport-local.jar;D:\program files\matlab2018\java\jarext/axis2/commons-httpclient.jar;D:\program files\matlab2018\java\jarext/axis2/geronimo-stax-api.jar;D:\program files\matlab2018\java\jarext/axis2/httpcore.jar;D:\program files\matlab2018\java\jarext/axis2/mail.jar;D:\program files\matlab2018\java\jarext/axis2/neethi.jar;D:\program files\matlab2018\java\jarext/axis2/wsdl4j.jar;D:\program files\matlab2018\java\jarext/axis2/wstx-asl.jar;D:\program files\matlab2018\java\jarext/axis2/XmlSchema.jar;D:\program files\matlab2018\java\jar/ja_JP/fatalexit_res.jar;D:\program files\matlab2018\java\jar/zh_CN/fatalexit_res.jar;D:\program files\matlab2018\java\jar.ko_KR/fatalexit_res.jar
Launcher Type: SUN_STANDARD

Environment Variables:
PATH=D:\program files\matlab2018\bin\win64;C:\ProgramData\DockerDesktop\version-bin;C:\Program Files\Docker\Docker\Resources\bin;C:\Program Files (x86)\VMware\VMware vSphere CLI\Perl\site\bin;C:\Program Files (x86)\VMware\VMware vSphere CLI\Perl\bin;C:\Program Files (x86)\Common Files\Oracle\Java\javapath;C:\Program Files\NVIDIA GPU Computing Toolkit\CUDA\v9.0\bin;C:\Program Files\NVIDIA GPU Computing Toolkit\CUDA\v9.0\libnvvp;C:\ProgramData\Oracle\Java\javapath;C:\Program Files\NVIDIA GPU Computing Toolkit\CUDA\v8.0\bin;C:\Program Files\NVIDIA GPU Computing Toolkit\CUDA\v8.0\libnvvp;C:\Program Files\Microsoft MPI\Bin\;C:\WINDOWS\system32;C:\WINDOWS;C:\WINDOWS\System32\Wbem;C:\WINDOWS\System32\WindowsPowerShell\v1.0\;C:\WINDOWS\System32\OpenSSH\;C:\Program Files\dotnet\;C:\Program Files\Microsoft SQL Server\130\Tools\Binn\;D:\program files\matlab2018\runtime\win64;D:\program files\matlab2018\bin;C:\Program Files (x86)\NVIDIA Corporation\PhysX\Common;C:\Program Files\NVIDIA Corporation\NVIDIA NvDLISR;C:\Program Files\PuTTY\;C:\Program Files (x86)\google-cloud-sdk\bin;C:\Program Files (x86)\Google\Cloud SDK\google-cloud-sdk\bin;C:\Program Files\nodejs\;C:\Ruby25-x64\bin;C:\Users\user\AppData\Local\Microsoft\WindowsApps;C:\Users\user\AppData\Local\Programs\Microsoft VS Code\bin;C:\Program Files\NVIDIA GPU Computing Toolkit\CUDA\v8.0\bin;C:\Program Files\NVIDIA GPU Computing Toolkit\CUDA\v8.0\extras\CUPTI\libx64;C:\Users\user\AppData\Local\GitHubDesktop\bin;C:\Users\user\AppData\Roaming\npm
USERNAME=user
OS=Windows_NT
PROCESSOR_IDENTIFIER=Intel64 Family 6 Model 158 Stepping 10, GenuineIntel



---------------  S Y S T E M  ---------------

OS: Windows 10.0 , 64 bit Build 17763 (10.0.17763.379)

CPU:total 12 (initial active 12) (6 cores per cpu, 2 threads per core) family 6 model 158 stepping 10, cmov, cx8, fxsr, mmx, sse, sse2, sse3, ssse3, sse4.1, sse4.2, popcnt, avx, avx2, aes, clmul, erms, 3dnowpref, lzcnt, ht, tsc, tscinvbit, bmi1, bmi2, adx

Memory: 4k page, physical 8224564k(749424k free), swap 33390388k(6088k free)

vm_info: Java HotSpot(TM) 64-Bit Server VM (25.152-b16) for windows-amd64 JRE (1.8.0_152-b16), built on Sep 14 2017 02:29:36 by "java_re" with MS VC++ 10.0 (VS2010)

time: Sat Apr 06 13:03:32 2019
elapsed time: 0 seconds (0d 0h 0m 0s)

